# JRE version: OpenJDK Runtime Environment (17.0.6) (build 17.0.6+0-b2043.56-10027231)
# Java VM: OpenJDK 64-Bit Server VM (17.0.6+0-b2043.56-10027231, mixed mode, tiered, compressed oops, compressed class ptrs, g1 gc, windows-amd64)
GC Precious Log:
 CPUs: 16 total, 16 available
 Memory: 16315M
 Large Page Support: Disabled
 NUMA Support: Disabled
 Compressed Oops: Enabled (32-bit)
 Heap Region Size: 1M
 Heap Min Capacity: 8M
 Heap Initial Capacity: 256M
 Heap Max Capacity: 2G
 Pre-touch: Disabled
 Parallel Workers: 13
 Concurrent Workers: 3
 Concurrent Refinement Workers: 13
 Periodic GC: Disabled
Heap:
 garbage-first heap   total 280576K, used 162612K [0x0000000080000000, 0x0000000100000000)
  region size 1024K, 4 young (4096K), 4 survivors (4096K)
 Metaspace       used 138158K, committed 139072K, reserved 1171456K
  class space    used 19704K, committed 20096K, reserved 1048576K
GC Heap History (20 events):
Event: 15.817 GC heap after
{Heap after GC invocations=49 (full 0):
 garbage-first heap   total 253952K, used 131403K [0x0000000080000000, 0x0000000100000000)
  region size 1024K, 6 young (6144K), 6 survivors (6144K)
 Metaspace       used 105089K, committed 105792K, reserved 1146880K
  class space    used 14133K, committed 14464K, reserved 1048576K
}
Event: 21.339 GC heap before
{Heap before GC invocations=49 (full 0):
 garbage-first heap   total 253952K, used 206155K [0x0000000080000000, 0x0000000100000000)
  region size 1024K, 80 young (81920K), 6 survivors (6144K)
 Metaspace       used 106409K, committed 107136K, reserved 1146880K
  class space    used 14267K, committed 14592K, reserved 1048576K
}
Event: 21.346 GC heap after
{Heap after GC invocations=50 (full 0):
 garbage-first heap   total 253952K, used 136858K [0x0000000080000000, 0x0000000100000000)
  region size 1024K, 9 young (9216K), 9 survivors (9216K)
 Metaspace       used 106409K, committed 107136K, reserved 1146880K
  class space    used 14267K, committed 14592K, reserved 1048576K
}
Event: 21.836 GC heap before
{Heap before GC invocations=50 (full 0):
 garbage-first heap   total 253952K, used 207514K [0x0000000080000000, 0x0000000100000000)
  region size 1024K, 79 young (80896K), 9 survivors (9216K)
 Metaspace       used 107949K, committed 108736K, reserved 1146880K
  class space    used 14443K, committed 14784K, reserved 1048576K
}
Event: 21.845 GC heap after
{Heap after GC invocations=51 (full 0):
 garbage-first heap   total 253952K, used 144871K [0x0000000080000000, 0x0000000100000000)
  region size 1024K, 9 young (9216K), 9 survivors (9216K)
 Metaspace       used 107949K, committed 108736K, reserved 1146880K
  class space    used 14443K, committed 14784K, reserved 1048576K
}
Event: 22.700 GC heap before
{Heap before GC invocations=51 (full 0):
 garbage-first heap   total 253952K, used 183783K [0x0000000080000000, 0x0000000100000000)
  region size 1024K, 49 young (50176K), 9 survivors (9216K)
 Metaspace       used 114457K, committed 115200K, reserved 1155072K
  class space    used 15305K, committed 15680K, reserved 1048576K
}
Event: 22.706 GC heap after
{Heap after GC invocations=52 (full 0):
 garbage-first heap   total 253952K, used 148792K [0x0000000080000000, 0x0000000100000000)
  region size 1024K, 4 young (4096K), 4 survivors (4096K)
 Metaspace       used 114457K, committed 115200K, reserved 1155072K
  class space    used 15305K, committed 15680K, reserved 1048576K
}
Event: 23.739 GC heap before
{Heap before GC invocations=53 (full 0):
 garbage-first heap   total 253952K, used 212280K [0x0000000080000000, 0x0000000100000000)
  region size 1024K, 64 young (65536K), 4 survivors (4096K)
 Metaspace       used 116502K, committed 117312K, reserved 1155072K
  class space    used 15484K, committed 15872K, reserved 1048576K
}
Event: 23.750 GC heap after
{Heap after GC invocations=54 (full 0):
 garbage-first heap   total 253952K, used 164175K [0x0000000080000000, 0x0000000100000000)
  region size 1024K, 8 young (8192K), 8 survivors (8192K)
 Metaspace       used 116502K, committed 117312K, reserved 1155072K
  class space    used 15484K, committed 15872K, reserved 1048576K
}
Event: 23.819 GC heap before
{Heap before GC invocations=54 (full 0):
 garbage-first heap   total 253952K, used 168271K [0x0000000080000000, 0x0000000100000000)
  region size 1024K, 12 young (12288K), 8 survivors (8192K)
 Metaspace       used 116905K, committed 117696K, reserved 1155072K
  class space    used 15556K, committed 15936K, reserved 1048576K
}
Event: 23.826 GC heap after
{Heap after GC invocations=55 (full 0):
 garbage-first heap   total 253952K, used 146255K [0x0000000080000000, 0x0000000100000000)
  region size 1024K, 2 young (2048K), 2 survivors (2048K)
 Metaspace       used 116905K, committed 117696K, reserved 1155072K
  class space    used 15556K, committed 15936K, reserved 1048576K
}
Event: 24.669 GC heap before
{Heap before GC invocations=55 (full 0):
 garbage-first heap   total 253952K, used 202575K [0x0000000080000000, 0x0000000100000000)
  region size 1024K, 58 young (59392K), 2 survivors (2048K)
 Metaspace       used 118187K, committed 118976K, reserved 1155072K
  class space    used 15661K, committed 16064K, reserved 1048576K
}
Event: 24.672 GC heap after
{Heap after GC invocations=56 (full 0):
 garbage-first heap   total 253952K, used 147880K [0x0000000080000000, 0x0000000100000000)
  region size 1024K, 3 young (3072K), 3 survivors (3072K)
 Metaspace       used 118187K, committed 118976K, reserved 1155072K
  class space    used 15661K, committed 16064K, reserved 1048576K
}
Event: 25.235 GC heap before
{Heap before GC invocations=57 (full 0):
 garbage-first heap   total 280576K, used 210344K [0x0000000080000000, 0x0000000100000000)
  region size 1024K, 61 young (62464K), 3 survivors (3072K)
 Metaspace       used 122742K, committed 123520K, reserved 1163264K
  class space    used 16437K, committed 16832K, reserved 1048576K
}
Event: 25.242 GC heap after
{Heap after GC invocations=58 (full 0):
 garbage-first heap   total 280576K, used 153192K [0x0000000080000000, 0x0000000100000000)
  region size 1024K, 8 young (8192K), 8 survivors (8192K)
 Metaspace       used 122742K, committed 123520K, reserved 1163264K
  class space    used 16437K, committed 16832K, reserved 1048576K
}
Event: 25.285 GC heap before
{Heap before GC invocations=58 (full 0):
 garbage-first heap   total 280576K, used 158312K [0x0000000080000000, 0x0000000100000000)
  region size 1024K, 13 young (13312K), 8 survivors (8192K)
 Metaspace       used 123661K, committed 124480K, reserved 1163264K
  class space    used 16566K, committed 16960K, reserved 1048576K
}
Event: 25.293 GC heap after
{Heap after GC invocations=59 (full 0):
 garbage-first heap   total 280576K, used 146398K [0x0000000080000000, 0x0000000100000000)
  region size 1024K, 2 young (2048K), 2 survivors (2048K)
 Metaspace       used 123661K, committed 124480K, reserved 1163264K
  class space    used 16566K, committed 16960K, reserved 1048576K
}
Event: 25.687 GC heap before
{Heap before GC invocations=59 (full 0):
 garbage-first heap   total 280576K, used 226270K [0x0000000080000000, 0x0000000100000000)
  region size 1024K, 81 young (82944K), 2 survivors (2048K)
 Metaspace       used 132391K, committed 133248K, reserved 1163264K
  class space    used 18518K, committed 18944K, reserved 1048576K
}
Event: 25.697 GC heap after
{Heap after GC invocations=60 (full 0):
 garbage-first heap   total 280576K, used 158937K [0x0000000080000000, 0x0000000100000000)
  region size 1024K, 11 young (11264K), 11 survivors (11264K)
 Metaspace       used 132391K, committed 133248K, reserved 1163264K
  class space    used 18518K, committed 18944K, reserved 1048576K
}
Event: 26.021 GC heap before
{Heap before GC invocations=60 (full 0):
 garbage-first heap   total 280576K, used 226521K [0x0000000080000000, 0x0000000100000000)
  region size 1024K, 78 young (79872K), 11 survivors (11264K)
 Metaspace       used 138158K, committed 139072K, reserved 1171456K
  class space    used 19704K, committed 20096K, reserved 1048576K
}

